Consolidate compiler generated dependencies of target gtest
[ 25%] Built target gtest
Consolidate compiler generated dependencies of target gtest_main
[ 50%] Built target gtest_main
Consolidate compiler generated dependencies of target tests
[ 87%] Built target tests
[100%] Running perf stat and explaining results

 Performance counter stats for '/tmp/tmpxvg8wt7d/student/build/bin/tests':

        68,388,140      cycles                    #    2.659 GHz                      (68.95%)
        95,497,765      instructions              #    1.40  insn per cycle           (84.47%)
           414,937      cache-references          #   16.132 M/sec                    (84.47%)
            95,877      cache-misses              #   23.106 % of all cache refs      (77.40%)
        18,186,784      branches                  #  707.056 M/sec                    (84.48%)
           112,414      branch-misses             #    0.62% of all branches          (87.37%)
             6,256      faults                    #  243.217 K/sec                  
             25.72 msec task-clock                #    0.984 CPUs utilized          
                 3      context-switches          #  116.632 /sec                   
                 0      cpu-migrations            #    0.000 /sec                   
             6,256      page-faults               #  243.217 K/sec                  

       0.026140139 seconds time elapsed

       0.018304000 seconds user
       0.008146000 seconds sys


======================
Program perf to narzędzie do analizy wydajności działania programów.
Podkomenda perf\ stat mierzy podstawowe statystyki wydajności: ile operacji wykonał CPU, jak dobrze działała pamięć cache itd.

Tłumaczenie wyników perf stat:

1. cycles         - liczba cykli CPU zużyta przez program. Jeden cykl to podstawowa jednostka pracy procesora: np. wykonanie małego fragmentu instrukcji.
2. instructions   - liczba wykonanych instrukcji procesora. Instrukcja to pojedyncza operacja typu dodawanie, przesunięcie, skok itd.
3. cache-references - liczba prób odczytu/zapisu danych z szybkiej pamięci cache procesora.
4. cache-misses   - ile razy procesor próbował dostać dane z cache, ale ich tam nie było, przez co musiał pobrać z RAM-u.
5. branches       - liczba instrukcji skoku, np. w if-ach, pętlach for/while lub switch.
6. branch-misses  - liczba sytuacji, kiedy procesor źle przewidział wynik skoku i musiał cofnąć się i poprawić, co spowalnia program.
7. faults         - liczba błędów dostępu do pamięci lub pułapek systemowych. Np. gdy program odwołuje się do pamięci, której jeszcze nie załadowano do RAM-u.
8. task-clock     - łączny czas w milisekundach, jaki procesor aktywnie spędził wykonując program.
9. context-switches - ile razy system operacyjny przełączył wykonanie z jednego procesu lub wątku na inny: przełączenie uwagi CPU.
10. cpu-migrations - ile razy system przeniósł proces między różnymi rdzeniami CPU, co może spowalniać działanie.
11. page-faults    - liczba sytuacji, kiedy program chciał użyć fragmentu pamięci, który nie był jeszcze załadowany do RAM i system musiał go dopiero wczytać.

Dodatkowo:
- time elapsed - całkowity rzeczywisty czas trwania programu: z perspektywy zegarka na ścianie.
- user/sys     - czas spędzony na wykonywaniu kodu użytkownika [user] oraz kodu systemowego [sys].
======================
[100%] Built target perf_stats_tests
